<?xml version="1.0" encoding="UTF-8"?><testsuite errors="1" failures="0" name="com.tests.LoginTest" skipped="0" tests="1" time="20.66" timestamp="2017-07-27T11:07:51.630-07:00[America/Los_Angeles]"><testcase classname="com.tests.LoginTest" name="Click on account"><error type="java.lang.NullPointerException"/><system-err>null&#13;
com.steps.EndUserSteps.verifyIfTheUserIsLoggedin(EndUserSteps.java:57)&#13;
com.tests.LoginTest.clickOnAccount(LoginTest.java:56)&#13;
</system-err></testcase></testsuite>