<?xml version="1.0" encoding="UTF-8"?><testsuite errors="1" failures="0" name="com.tests.LoginTest" skipped="0" tests="1" time="28.15" timestamp="2017-07-27T13:40:18.872-07:00[America/Los_Angeles]"><testcase classname="com.tests.LoginTest" name="Click on account and login"><error message="Expected condition failed: waiting for ShoppingCartPage.shopping to be displayed (tried for 5 second(s) with 100 MILLISECONDS interval)&#10;Build info: version: '3.4.0', revision: 'unknown', time: 'unknown'&#10;System info: host: 'EVO230', ip: '172.22.120.97', os.name: 'Windows 10', os.arch: 'amd64', os.version: '10.0', java.version: '1.8.0_131'&#10;Driver info: driver.version: unknown" type="org.openqa.selenium.NoSuchElementException">Expected condition failed: waiting for ShoppingCartPage.shopping to be displayed (tried for 5 second(s) with 100 MILLISECONDS interval)
Build info: version: '3.4.0', revision: 'unknown', time: 'unknown'
System info: host: 'EVO230', ip: '172.22.120.97', os.name: 'Windows 10', os.arch: 'amd64', os.version: '10.0', java.version: '1.8.0_131'
Driver info: driver.version: unknown</error><system-err>Expected condition failed: waiting for ShoppingCartPage.shopping to be displayed (tried for 5 second(s) with 100 MILLISECONDS interval)
Build info: version: '3.4.0', revision: 'unknown', time: 'unknown'
System info: host: 'EVO230', ip: '172.22.120.97', os.name: 'Windows 10', os.arch: 'amd64', os.version: '10.0', java.version: '1.8.0_131'
Driver info: driver.version: unknown&#13;
com.pages.ShoppingCartPage.shoppingCartMessage(ShoppingCartPage.java:15)&#13;
com.steps.EndUserSteps.verifyIfUserIsInShoppingCart(EndUserSteps.java:85)&#13;
com.tests.LoginTest.clickOnAccountAndLogin(LoginTest.java:68)&#13;
</system-err></testcase></testsuite>